<?xml version="1.0" encoding="UTF-8"?>
<testsuite name="com.clinton.TagSpec" tests="1" skipped="0" failures="1" errors="0" timestamp="2016-07-16T19:08:14" hostname="clinton-pc" time="0.424">
  <properties/>
  <testcase name="test something" classname="com.clinton.TagSpec" time="0.424">
    <failure message="Condition not satisfied:&#10;&#10;true == false&#10;     |&#10;     false&#10;" type="org.spockframework.runtime.SpockComparisonFailure">Condition not satisfied:

true == false
     |
     false

	at com.clinton.TagSpec.test something(TagSpec.groovy:20)
</failure>
  </testcase>
  <system-out><![CDATA[]]></system-out>
  <system-err><![CDATA[]]></system-err>
</testsuite>
