<?xml version="1.0" encoding="UTF-8"?>
<testsuite name="com.clinton.PostControllerSpec" tests="1" skipped="0" failures="0" errors="0" timestamp="2016-07-29T19:29:55" hostname="clinton-pc" time="0.949">
  <properties/>
  <testcase name="Adding a new post to the timeline" classname="com.clinton.PostControllerSpec" time="0.949"/>
  <system-out><![CDATA[]]></system-out>
  <system-err><![CDATA[]]></system-err>
</testsuite>
